Determining if the pthread_create exist failed with the following output:
Change Dir: /home/hchc/projects/GitFile/jmuduo/build/release-cpp11/CMakeFiles/CMakeTmp

Run Build Command:"/usr/bin/make" "cmTC_907ec/fast"
/usr/bin/make -f CMakeFiles/cmTC_907ec.dir/build.make CMakeFiles/cmTC_907ec.dir/build
make[1]: 进入目录“/home/hchc/projects/GitFile/jmuduo/build/release-cpp11/CMakeFiles/CMakeTmp”
Building C object CMakeFiles/cmTC_907ec.dir/CheckSymbolExists.c.o
/usr/bin/cc    -o CMakeFiles/cmTC_907ec.dir/CheckSymbolExists.c.o   -c /home/hchc/projects/GitFile/jmuduo/build/release-cpp11/CMakeFiles/CMakeTmp/CheckSymbolExists.c
Linking C executable cmTC_907ec
/usr/bin/cmake -E cmake_link_script CMakeFiles/cmTC_907ec.dir/link.txt --verbose=1
/usr/bin/cc      -rdynamic CMakeFiles/cmTC_907ec.dir/CheckSymbolExists.c.o  -o cmTC_907ec 
/usr/bin/ld: CMakeFiles/cmTC_907ec.dir/CheckSymbolExists.c.o: in function `main':
CheckSymbolExists.c:(.text+0x16): undefined reference to `pthread_create'
collect2: error: ld returned 1 exit status
make[1]: *** [CMakeFiles/cmTC_907ec.dir/build.make:87：cmTC_907ec] 错误 1
make[1]: 离开目录“/home/hchc/projects/GitFile/jmuduo/build/release-cpp11/CMakeFiles/CMakeTmp”
make: *** [Makefile:121：cmTC_907ec/fast] 错误 2

File /home/hchc/projects/GitFile/jmuduo/build/release-cpp11/CMakeFiles/CMakeTmp/CheckSymbolExists.c:
/* */
#include <pthread.h>

int main(int argc, char** argv)
{
  (void)argv;
#ifndef pthread_create
  return ((int*)(&pthread_create))[argc];
#else
  (void)argc;
  return 0;
#endif
}

Determining if the function pthread_create exists in the pthreads failed with the following output:
Change Dir: /home/hchc/projects/GitFile/jmuduo/build/release-cpp11/CMakeFiles/CMakeTmp

Run Build Command:"/usr/bin/make" "cmTC_ade65/fast"
/usr/bin/make -f CMakeFiles/cmTC_ade65.dir/build.make CMakeFiles/cmTC_ade65.dir/build
make[1]: 进入目录“/home/hchc/projects/GitFile/jmuduo/build/release-cpp11/CMakeFiles/CMakeTmp”
Building C object CMakeFiles/cmTC_ade65.dir/CheckFunctionExists.c.o
/usr/bin/cc   -DCHECK_FUNCTION_EXISTS=pthread_create   -o CMakeFiles/cmTC_ade65.dir/CheckFunctionExists.c.o   -c /usr/share/cmake-3.13/Modules/CheckFunctionExists.c
Linking C executable cmTC_ade65
/usr/bin/cmake -E cmake_link_script CMakeFiles/cmTC_ade65.dir/link.txt --verbose=1
/usr/bin/cc  -DCHECK_FUNCTION_EXISTS=pthread_create    -rdynamic CMakeFiles/cmTC_ade65.dir/CheckFunctionExists.c.o  -o cmTC_ade65 -lpthreads 
/usr/bin/ld: 找不到 -lpthreads
collect2: error: ld returned 1 exit status
make[1]: *** [CMakeFiles/cmTC_ade65.dir/build.make:87：cmTC_ade65] 错误 1
make[1]: 离开目录“/home/hchc/projects/GitFile/jmuduo/build/release-cpp11/CMakeFiles/CMakeTmp”
make: *** [Makefile:121：cmTC_ade65/fast] 错误 2


